-------------------------------------------------------------------------------
Test set: runners.TestRunner
-------------------------------------------------------------------------------
Tests run: 5, Failures: 5, Errors: 0, Skipped: 0, Time elapsed: 8.104 s <<< FAILURE! - in runners.TestRunner
runScenario(runners.TestRunner)  Time elapsed: 5.372 s  <<< FAILURE!
io.cucumber.testng.UndefinedStepException: 
The step 'clicks the "LOGIN" button' is undefined.
You can implement this step using the snippet(s) below:

@When("clicks the {string} button")
public void clicks_the_button(String string) {
    // Write code here that turns the phrase above into concrete actions
    throw new io.cucumber.java.PendingException();
}


runScenario(runners.TestRunner)  Time elapsed: 0.112 s  <<< FAILURE!
io.cucumber.testng.UndefinedStepException: 
The step 'the user enters an invalid username "invalid_user"' and 2 other step(s) are undefined.
You can implement these steps using the snippet(s) below:

@When("the user enters an invalid username {string}")
public void the_user_enters_an_invalid_username(String string) {
    // Write code here that turns the phrase above into concrete actions
    throw new io.cucumber.java.PendingException();
}
@When("the user enters an invalid password {string}")
public void the_user_enters_an_invalid_password(String string) {
    // Write code here that turns the phrase above into concrete actions
    throw new io.cucumber.java.PendingException();
}
@When("clicks the {string} button")
public void clicks_the_button(String string) {
    // Write code here that turns the phrase above into concrete actions
    throw new io.cucumber.java.PendingException();
}


runScenario(runners.TestRunner)  Time elapsed: 0.311 s  <<< FAILURE!
io.cucumber.testng.UndefinedStepException: 
The step 'clicks the "LOGIN" button' is undefined.
You can implement this step using the snippet(s) below:

@When("clicks the {string} button")
public void clicks_the_button(String string) {
    // Write code here that turns the phrase above into concrete actions
    throw new io.cucumber.java.PendingException();
}


runScenario(runners.TestRunner)  Time elapsed: 0.284 s  <<< FAILURE!
io.cucumber.testng.UndefinedStepException: 
The step 'clicks the "LOGIN" button' is undefined.
You can implement this step using the snippet(s) below:

@When("clicks the {string} button")
public void clicks_the_button(String string) {
    // Write code here that turns the phrase above into concrete actions
    throw new io.cucumber.java.PendingException();
}


runScenario(runners.TestRunner)  Time elapsed: 0.347 s  <<< FAILURE!
io.cucumber.testng.UndefinedStepException: 
The step 'clicks the "LOGIN" button' is undefined.
You can implement this step using the snippet(s) below:

@When("clicks the {string} button")
public void clicks_the_button(String string) {
    // Write code here that turns the phrase above into concrete actions
    throw new io.cucumber.java.PendingException();
}


